2020-10-01 11:29:21,726:INFO:PyCaret NLP Module
2020-10-01 11:29:21,727:INFO:version 2.1.2
2020-10-01 11:29:21,727:INFO:Initializing setup()
2020-10-01 11:29:21,727:INFO:USI: f5e0
2020-10-01 11:29:21,727:INFO:setup(data=(20491, 2), target=Review, custom_stopwords=None, html=True, session_id=451, log_experiment=True,
                    experiment_name=General Topic Modeling, log_plots=True, log_data=False, verbose=True)
2020-10-01 11:29:21,727:INFO:Checking environment
2020-10-01 11:29:21,728:INFO:python_version: 3.7.6
2020-10-01 11:29:21,728:INFO:python_build: ('default', 'Jan  8 2020 13:42:34')
2020-10-01 11:29:21,728:INFO:machine: x86_64
2020-10-01 11:29:21,746:INFO:platform: Darwin-19.5.0-x86_64-i386-64bit
2020-10-01 11:29:21,747:INFO:Memory: svmem(total=8589934592, available=3525472256, percent=59.0, used=4498214912, free=511475712, active=3015438336, inactive=2150555648, wired=1482776576)
2020-10-01 11:29:21,748:INFO:Physical Core: 2
2020-10-01 11:29:21,748:INFO:Logical Core: 4
2020-10-01 11:29:21,748:INFO:Checking libraries
2020-10-01 11:29:21,748:INFO:pd==1.0.1
2020-10-01 11:29:21,748:INFO:numpy==1.18.1
2020-10-01 11:29:28,966:INFO:gensim==3.8.3
2020-10-01 11:29:37,222:INFO:spacy==2.3.2
2020-10-01 11:29:42,111:INFO:nltk==3.4.5
2020-10-01 11:29:42,138:INFO:textblob==0.15.3
2020-10-01 11:29:43,879:INFO:pyLDAvis==2.1.2
2020-10-01 11:29:44,724:INFO:wordcloud==1.8.0
2020-10-01 11:29:45,294:INFO:mlflow==1.11.0
2020-10-01 11:29:45,295:INFO:Checking Exceptions
2020-10-01 11:31:31,447:INFO:PyCaret NLP Module
2020-10-01 11:31:31,450:INFO:version 2.1.2
2020-10-01 11:31:31,453:INFO:Initializing setup()
2020-10-01 11:31:31,454:INFO:USI: e841
2020-10-01 11:31:31,456:INFO:setup(data=(20491, 2), target=Review, custom_stopwords=None, html=True, session_id=451, log_experiment=True,
                    experiment_name=General Topic Modeling, log_plots=True, log_data=False, verbose=True)
2020-10-01 11:31:31,457:INFO:Checking environment
2020-10-01 11:31:31,459:INFO:python_version: 3.7.6
2020-10-01 11:31:31,461:INFO:python_build: ('default', 'Jan  8 2020 13:42:34')
2020-10-01 11:31:31,463:INFO:machine: x86_64
2020-10-01 11:31:31,467:INFO:platform: Darwin-19.5.0-x86_64-i386-64bit
2020-10-01 11:31:31,472:INFO:Memory: svmem(total=8589934592, available=3320012800, percent=61.3, used=4699430912, free=130752512, active=3191332864, inactive=2355654656, wired=1508098048)
2020-10-01 11:31:31,482:INFO:Physical Core: 2
2020-10-01 11:31:31,489:INFO:Logical Core: 4
2020-10-01 11:31:31,498:INFO:Checking libraries
2020-10-01 11:31:31,505:INFO:pd==1.0.1
2020-10-01 11:31:31,513:INFO:numpy==1.18.1
2020-10-01 11:31:31,520:INFO:gensim==3.8.3
2020-10-01 11:31:31,524:INFO:spacy==2.3.2
2020-10-01 11:31:31,533:INFO:nltk==3.4.5
2020-10-01 11:31:31,539:INFO:textblob==0.15.3
2020-10-01 11:31:31,547:INFO:pyLDAvis==2.1.2
2020-10-01 11:31:31,554:INFO:wordcloud==1.8.0
2020-10-01 11:31:31,558:INFO:mlflow==1.11.0
2020-10-01 11:31:31,573:INFO:Checking Exceptions
2020-10-01 11:41:43,461:INFO:PyCaret NLP Module
2020-10-01 11:41:43,464:INFO:version 2.1.2
2020-10-01 11:41:43,465:INFO:Initializing setup()
2020-10-01 11:41:43,467:INFO:USI: 1c9e
2020-10-01 11:41:43,469:INFO:setup(data=(20491, 2), target=Review, custom_stopwords=None, html=True, session_id=451, log_experiment=True,
                    experiment_name=General Topic Modeling, log_plots=True, log_data=False, verbose=True)
2020-10-01 11:41:43,470:INFO:Checking environment
2020-10-01 11:41:43,473:INFO:python_version: 3.7.6
2020-10-01 11:41:43,475:INFO:python_build: ('default', 'Jan  8 2020 13:42:34')
2020-10-01 11:41:43,477:INFO:machine: x86_64
2020-10-01 11:41:43,479:INFO:platform: Darwin-19.5.0-x86_64-i386-64bit
2020-10-01 11:41:43,482:INFO:Memory: svmem(total=8589934592, available=3336503296, percent=61.2, used=4681523200, free=86228992, active=3201564672, inactive=2673893376, wired=1479958528)
2020-10-01 11:41:43,484:INFO:Physical Core: 2
2020-10-01 11:41:43,492:INFO:Logical Core: 4
2020-10-01 11:41:43,503:INFO:Checking libraries
2020-10-01 11:41:43,517:INFO:pd==1.0.1
2020-10-01 11:41:43,520:INFO:numpy==1.18.1
2020-10-01 11:41:43,536:INFO:gensim==3.8.3
2020-10-01 11:41:43,537:INFO:spacy==2.3.2
2020-10-01 11:41:43,546:INFO:nltk==3.4.5
2020-10-01 11:41:43,551:INFO:textblob==0.15.3
2020-10-01 11:41:43,557:INFO:pyLDAvis==2.1.2
2020-10-01 11:41:43,571:INFO:wordcloud==1.8.0
2020-10-01 11:41:43,581:INFO:mlflow==1.11.0
2020-10-01 11:41:43,584:INFO:Checking Exceptions
2020-10-01 11:45:23,089:INFO:PyCaret NLP Module
2020-10-01 11:45:23,092:INFO:version 2.1.2
2020-10-01 11:45:23,095:INFO:Initializing setup()
2020-10-01 11:45:23,098:INFO:USI: 4691
2020-10-01 11:45:23,100:INFO:setup(data=(20491, 2), target=Review, custom_stopwords=None, html=True, session_id=451, log_experiment=True,
                    experiment_name=General Topic Modeling, log_plots=True, log_data=False, verbose=True)
2020-10-01 11:45:23,101:INFO:Checking environment
2020-10-01 11:45:23,102:INFO:python_version: 3.7.6
2020-10-01 11:45:23,104:INFO:python_build: ('default', 'Jan  8 2020 13:42:34')
2020-10-01 11:45:23,106:INFO:machine: x86_64
2020-10-01 11:45:23,108:INFO:platform: Darwin-19.5.0-x86_64-i386-64bit
2020-10-01 11:45:23,110:INFO:Memory: svmem(total=8589934592, available=3266068480, percent=62.0, used=4749733888, free=25796608, active=3241455616, inactive=2940502016, wired=1508278272)
2020-10-01 11:45:23,118:INFO:Physical Core: 2
2020-10-01 11:45:23,121:INFO:Logical Core: 4
2020-10-01 11:45:23,122:INFO:Checking libraries
2020-10-01 11:45:23,124:INFO:pd==1.0.1
2020-10-01 11:45:23,125:INFO:numpy==1.18.1
2020-10-01 11:45:23,126:INFO:gensim==3.8.3
2020-10-01 11:45:23,128:INFO:spacy==2.3.2
2020-10-01 11:45:23,129:INFO:nltk==3.4.5
2020-10-01 11:45:23,130:INFO:textblob==0.15.3
2020-10-01 11:45:23,132:INFO:pyLDAvis==2.1.2
2020-10-01 11:45:23,133:INFO:wordcloud==1.8.0
2020-10-01 11:45:23,134:INFO:mlflow==1.11.0
2020-10-01 11:45:23,135:INFO:Checking Exceptions
2020-10-01 11:46:34,138:INFO:PyCaret NLP Module
2020-10-01 11:46:34,138:INFO:version 2.1.2
2020-10-01 11:46:34,138:INFO:Initializing setup()
2020-10-01 11:46:34,138:INFO:USI: cb9a
2020-10-01 11:46:34,138:INFO:setup(data=(20491, 2), target=Review, custom_stopwords=None, html=True, session_id=451, log_experiment=True,
                    experiment_name=General Topic Modeling, log_plots=True, log_data=False, verbose=True)
2020-10-01 11:46:34,138:INFO:Checking environment
2020-10-01 11:46:34,138:INFO:python_version: 3.7.6
2020-10-01 11:46:34,138:INFO:python_build: ('default', 'Jan  8 2020 13:42:34')
2020-10-01 11:46:34,138:INFO:machine: x86_64
2020-10-01 11:46:34,154:INFO:platform: Darwin-19.5.0-x86_64-i386-64bit
2020-10-01 11:46:34,155:INFO:Memory: svmem(total=8589934592, available=3357822976, percent=60.9, used=4656242688, free=25628672, active=3148496896, inactive=2976256000, wired=1507745792)
2020-10-01 11:46:34,155:INFO:Physical Core: 2
2020-10-01 11:46:34,156:INFO:Logical Core: 4
2020-10-01 11:46:34,156:INFO:Checking libraries
2020-10-01 11:46:34,156:INFO:pd==1.0.1
2020-10-01 11:46:34,157:INFO:numpy==1.18.1
2020-10-01 11:46:35,118:INFO:gensim==3.8.3
2020-10-01 11:46:35,522:INFO:spacy==2.3.2
2020-10-01 11:46:37,030:INFO:nltk==3.4.5
2020-10-01 11:46:37,082:INFO:textblob==0.15.3
2020-10-01 11:46:37,247:INFO:pyLDAvis==2.1.2
2020-10-01 11:46:37,352:INFO:wordcloud==1.8.0
2020-10-01 11:46:37,960:INFO:mlflow==1.11.0
2020-10-01 11:46:37,960:INFO:Checking Exceptions
2020-10-01 11:46:38,702:INFO:Preloading libraries
2020-10-01 11:46:38,800:INFO:Preparing display monitor
2020-10-01 11:46:38,825:INFO:Importing libraries
2020-10-01 11:46:38,825:INFO:Declaring global variables
2020-10-01 11:46:38,826:INFO:Input provided : dataframe
2020-10-01 11:46:38,827:INFO:session_id set to : 451
2020-10-01 11:46:38,827:INFO:Copying training dataset
2020-10-01 11:46:38,830:INFO:Importing stopwords from nltk
2020-10-01 11:46:42,797:INFO:No custom stopwords defined
2020-10-01 11:46:42,798:INFO:Removing numeric characters from the text
2020-10-01 11:46:43,545:INFO:Removing special characters from the text
2020-10-01 11:46:46,866:INFO:Tokenizing Words
2020-10-01 11:46:54,714:INFO:Removing stopwords
2020-10-01 11:46:59,902:INFO:Extracting Bigrams
2020-10-01 11:47:23,682:INFO:Extracting Trigrams
2020-10-01 11:48:01,717:INFO:Lemmatizing tokens
2020-10-01 11:50:07,626:INFO:Removing stopwords after lemmatizing
2020-10-01 11:50:11,517:INFO:Creating corpus and dictionary
2020-10-01 11:50:15,304:INFO:Compiling processed text
2020-10-01 11:50:15,365:INFO:Compiling information grid
2020-10-01 11:50:16,070:INFO:Creating MLFlow logs
2020-10-01 11:50:16,347:INFO:SubProcess plot_model() called ==================================
2020-10-01 11:50:16,349:INFO:Initializing plot_model()
2020-10-01 11:50:16,349:INFO:plot_model(model=None, plot=frequency, topic_num=None, save=True, system=False)
2020-10-01 11:50:16,349:INFO:Checking exceptions
2020-10-01 11:50:16,349:INFO:Importing libraries
2020-10-01 11:50:21,134:INFO:save_param set to True
2020-10-01 11:50:21,134:INFO:plot type: frequency
2020-10-01 11:50:21,134:INFO:Rendering Visual
2020-10-01 11:50:21,135:WARNING:topic_num set to None. Plot generated at corpus level.
2020-10-01 11:50:21,135:INFO:Fitting CountVectorizer()
2020-10-01 11:50:22,858:INFO:Visual Rendered Successfully
2020-10-01 11:50:22,872:INFO:Saving 'Word Frequency.html' in current active directory
2020-10-01 11:50:22,872:INFO:plot_model() succesfully completed......................................
2020-10-01 11:50:22,885:INFO:Initializing plot_model()
2020-10-01 11:50:22,885:INFO:plot_model(model=None, plot=bigram, topic_num=None, save=True, system=False)
2020-10-01 11:50:22,886:INFO:Checking exceptions
2020-10-01 11:50:22,886:INFO:Importing libraries
2020-10-01 11:50:22,892:INFO:save_param set to True
2020-10-01 11:50:22,893:INFO:plot type: bigram
2020-10-01 11:50:22,893:WARNING:topic_num set to None. Plot generated at corpus level.
2020-10-01 11:50:22,893:INFO:Fitting CountVectorizer()
2020-10-01 11:50:31,807:INFO:Rendering Visual
2020-10-01 11:50:31,825:INFO:Visual Rendered Successfully
2020-10-01 11:50:31,840:INFO:Saving 'Bigram.html' in current active directory
2020-10-01 11:50:31,840:INFO:plot_model() succesfully completed......................................
2020-10-01 11:50:31,857:INFO:Initializing plot_model()
2020-10-01 11:50:31,857:INFO:plot_model(model=None, plot=trigram, topic_num=None, save=True, system=False)
2020-10-01 11:50:31,857:INFO:Checking exceptions
2020-10-01 11:50:31,857:INFO:Importing libraries
2020-10-01 11:50:31,864:INFO:save_param set to True
2020-10-01 11:50:31,864:INFO:plot type: trigram
2020-10-01 11:50:31,864:WARNING:topic_num set to None. Plot generated at corpus level.
2020-10-01 11:50:40,793:INFO:Fitting CountVectorizer()
2020-10-01 11:50:45,816:INFO:Rendering Visual
2020-10-01 11:50:45,840:INFO:Visual Rendered Successfully
2020-10-01 11:50:45,860:INFO:Saving 'Trigram.html' in current active directory
2020-10-01 11:50:45,860:INFO:plot_model() succesfully completed......................................
2020-10-01 11:50:45,879:INFO:Initializing plot_model()
2020-10-01 11:50:45,879:INFO:plot_model(model=None, plot=pos, topic_num=None, save=True, system=False)
2020-10-01 11:50:45,879:INFO:Checking exceptions
2020-10-01 11:50:45,879:INFO:Importing libraries
2020-10-01 11:50:45,886:INFO:save_param set to True
2020-10-01 11:50:45,886:INFO:plot type: pos
2020-10-01 11:50:45,888:INFO:Fitting TextBlob()
2020-10-01 11:51:41,875:INFO:PyCaret NLP Module
2020-10-01 11:51:41,875:INFO:version 2.1.2
2020-10-01 11:51:41,875:INFO:Initializing setup()
2020-10-01 11:51:41,875:INFO:USI: 37ff
2020-10-01 11:51:41,875:INFO:setup(data=(20491, 2), target=Review, custom_stopwords=None, html=True, session_id=451, log_experiment=True,
                    experiment_name=General Topic Modeling, log_plots=True, log_data=False, verbose=True)
2020-10-01 11:51:41,875:INFO:Checking environment
2020-10-01 11:51:41,876:INFO:python_version: 3.7.6
2020-10-01 11:51:41,876:INFO:python_build: ('default', 'Jan  8 2020 13:42:34')
2020-10-01 11:51:41,876:INFO:machine: x86_64
2020-10-01 11:51:41,876:INFO:platform: Darwin-19.5.0-x86_64-i386-64bit
2020-10-01 11:51:41,876:INFO:Memory: svmem(total=8589934592, available=3272278016, percent=61.9, used=4742373376, free=40783872, active=3240632320, inactive=3088281600, wired=1501741056)
2020-10-01 11:51:41,876:INFO:Physical Core: 2
2020-10-01 11:51:41,876:INFO:Logical Core: 4
2020-10-01 11:51:41,876:INFO:Checking libraries
2020-10-01 11:51:41,876:INFO:pd==1.0.1
2020-10-01 11:51:41,876:INFO:numpy==1.18.1
2020-10-01 11:51:41,877:INFO:gensim==3.8.3
2020-10-01 11:51:41,877:INFO:spacy==2.3.2
2020-10-01 11:51:41,877:INFO:nltk==3.4.5
2020-10-01 11:51:41,877:INFO:textblob==0.15.3
2020-10-01 11:51:41,878:INFO:pyLDAvis==2.1.2
2020-10-01 11:51:41,878:INFO:wordcloud==1.8.0
2020-10-01 11:51:41,878:INFO:mlflow==1.11.0
2020-10-01 11:51:41,878:INFO:Checking Exceptions
2020-10-01 11:51:42,449:INFO:Preloading libraries
2020-10-01 11:51:42,450:INFO:Preparing display monitor
2020-10-01 11:51:42,475:INFO:Importing libraries
2020-10-01 11:51:42,475:INFO:Declaring global variables
2020-10-01 11:51:42,477:INFO:Input provided : dataframe
2020-10-01 11:51:42,477:INFO:session_id set to : 451
2020-10-01 11:51:42,477:INFO:Copying training dataset
2020-10-01 11:51:42,480:INFO:Importing stopwords from nltk
2020-10-01 11:51:42,484:INFO:No custom stopwords defined
2020-10-01 11:51:42,485:INFO:Removing numeric characters from the text
2020-10-01 11:51:43,055:INFO:Removing special characters from the text
2020-10-01 11:51:46,329:INFO:Tokenizing Words
2020-10-01 11:51:54,275:INFO:Removing stopwords
2020-10-01 11:51:59,408:INFO:Extracting Bigrams
2020-10-01 11:52:19,619:INFO:Extracting Trigrams
2020-10-01 11:52:55,143:INFO:Lemmatizing tokens
2020-10-01 11:54:53,536:INFO:Removing stopwords after lemmatizing
2020-10-01 11:54:57,468:INFO:Creating corpus and dictionary
2020-10-01 11:55:01,786:INFO:Compiling processed text
2020-10-01 11:55:01,843:INFO:Compiling information grid
2020-10-01 11:55:01,845:INFO:Creating MLFlow logs
2020-10-01 11:55:01,907:INFO:SubProcess plot_model() called ==================================
2020-10-01 11:55:01,907:INFO:Initializing plot_model()
2020-10-01 11:55:01,907:INFO:plot_model(model=None, plot=frequency, topic_num=None, save=True, system=False)
2020-10-01 11:55:01,907:INFO:Checking exceptions
2020-10-01 11:55:01,907:INFO:Importing libraries
2020-10-01 11:55:01,919:INFO:save_param set to True
2020-10-01 11:55:01,919:INFO:plot type: frequency
2020-10-01 11:55:01,919:INFO:Rendering Visual
2020-10-01 11:55:01,919:WARNING:topic_num set to None. Plot generated at corpus level.
2020-10-01 11:55:01,919:INFO:Fitting CountVectorizer()
2020-10-01 11:55:03,841:INFO:Visual Rendered Successfully
2020-10-01 11:55:03,855:INFO:Saving 'Word Frequency.html' in current active directory
2020-10-01 11:55:03,855:INFO:plot_model() succesfully completed......................................
2020-10-01 11:55:03,869:INFO:Initializing plot_model()
2020-10-01 11:55:03,869:INFO:plot_model(model=None, plot=bigram, topic_num=None, save=True, system=False)
2020-10-01 11:55:03,869:INFO:Checking exceptions
2020-10-01 11:55:03,869:INFO:Importing libraries
2020-10-01 11:55:03,879:INFO:save_param set to True
2020-10-01 11:55:03,879:INFO:plot type: bigram
2020-10-01 11:55:03,879:WARNING:topic_num set to None. Plot generated at corpus level.
2020-10-01 11:55:03,879:INFO:Fitting CountVectorizer()
2020-10-01 11:55:12,650:INFO:Rendering Visual
2020-10-01 11:55:12,670:INFO:Visual Rendered Successfully
2020-10-01 11:55:12,684:INFO:Saving 'Bigram.html' in current active directory
2020-10-01 11:55:12,684:INFO:plot_model() succesfully completed......................................
2020-10-01 11:55:12,700:INFO:Initializing plot_model()
2020-10-01 11:55:12,701:INFO:plot_model(model=None, plot=trigram, topic_num=None, save=True, system=False)
2020-10-01 11:55:12,701:INFO:Checking exceptions
2020-10-01 11:55:12,701:INFO:Importing libraries
2020-10-01 11:55:12,711:INFO:save_param set to True
2020-10-01 11:55:12,711:INFO:plot type: trigram
2020-10-01 11:55:12,711:WARNING:topic_num set to None. Plot generated at corpus level.
2020-10-01 11:55:20,742:INFO:Fitting CountVectorizer()
2020-10-01 11:55:25,713:INFO:Rendering Visual
2020-10-01 11:55:25,734:INFO:Visual Rendered Successfully
2020-10-01 11:55:25,753:INFO:Saving 'Trigram.html' in current active directory
2020-10-01 11:55:25,753:INFO:plot_model() succesfully completed......................................
2020-10-01 11:55:25,773:INFO:Initializing plot_model()
2020-10-01 11:55:25,773:INFO:plot_model(model=None, plot=pos, topic_num=None, save=True, system=False)
2020-10-01 11:55:25,773:INFO:Checking exceptions
2020-10-01 11:55:25,773:INFO:Importing libraries
2020-10-01 11:55:25,780:INFO:save_param set to True
2020-10-01 11:55:25,780:INFO:plot type: pos
2020-10-01 11:55:25,781:INFO:Fitting TextBlob()
2020-10-01 11:59:06,191:INFO:PyCaret NLP Module
2020-10-01 11:59:06,192:INFO:version 2.1.2
2020-10-01 11:59:06,192:INFO:Initializing setup()
2020-10-01 11:59:06,192:INFO:USI: 561d
2020-10-01 11:59:06,193:INFO:setup(data=(20491, 2), target=Review, custom_stopwords=None, html=True, session_id=451, log_experiment=True,
                    experiment_name=General Topic Modeling, log_plots=True, log_data=False, verbose=True)
2020-10-01 11:59:06,193:INFO:Checking environment
2020-10-01 11:59:06,193:INFO:python_version: 3.7.6
2020-10-01 11:59:06,193:INFO:python_build: ('default', 'Jan  8 2020 13:42:34')
2020-10-01 11:59:06,193:INFO:machine: x86_64
2020-10-01 11:59:06,193:INFO:platform: Darwin-19.5.0-x86_64-i386-64bit
2020-10-01 11:59:06,193:INFO:Memory: svmem(total=8589934592, available=3302801408, percent=61.6, used=4695117824, free=104656896, active=3201232896, inactive=2976714752, wired=1493884928)
2020-10-01 11:59:06,193:INFO:Physical Core: 2
2020-10-01 11:59:06,193:INFO:Logical Core: 4
2020-10-01 11:59:06,193:INFO:Checking libraries
2020-10-01 11:59:06,193:INFO:pd==1.0.1
2020-10-01 11:59:06,193:INFO:numpy==1.18.1
2020-10-01 11:59:06,194:INFO:gensim==3.8.3
2020-10-01 11:59:06,194:INFO:spacy==2.3.2
2020-10-01 11:59:06,194:INFO:nltk==3.4.5
2020-10-01 11:59:06,194:INFO:textblob==0.15.3
2020-10-01 11:59:06,194:INFO:pyLDAvis==2.1.2
2020-10-01 11:59:06,194:INFO:wordcloud==1.8.0
2020-10-01 11:59:06,194:INFO:mlflow==1.11.0
2020-10-01 11:59:06,194:INFO:Checking Exceptions
2020-10-01 11:59:06,749:INFO:Preloading libraries
2020-10-01 11:59:06,749:INFO:Preparing display monitor
2020-10-01 11:59:06,773:INFO:Importing libraries
2020-10-01 11:59:06,774:INFO:Declaring global variables
2020-10-01 11:59:06,775:INFO:Input provided : dataframe
2020-10-01 11:59:06,776:INFO:session_id set to : 451
2020-10-01 11:59:06,776:INFO:Copying training dataset
2020-10-01 11:59:06,778:INFO:Importing stopwords from nltk
2020-10-01 11:59:06,781:INFO:No custom stopwords defined
2020-10-01 11:59:06,782:INFO:Removing numeric characters from the text
2020-10-01 11:59:07,342:INFO:Removing special characters from the text
2020-10-01 11:59:10,585:INFO:Tokenizing Words
2020-10-01 11:59:18,872:INFO:Removing stopwords
2020-10-01 11:59:23,979:INFO:Extracting Bigrams
2020-10-01 11:59:44,867:INFO:Extracting Trigrams
2020-10-01 12:00:20,567:INFO:Lemmatizing tokens
2020-10-01 12:02:16,542:INFO:Removing stopwords after lemmatizing
2020-10-01 12:02:20,436:INFO:Creating corpus and dictionary
2020-10-01 12:02:24,696:INFO:Compiling processed text
2020-10-01 12:02:24,756:INFO:Compiling information grid
2020-10-01 12:02:24,758:INFO:Creating MLFlow logs
2020-10-01 12:02:24,816:INFO:SubProcess plot_model() called ==================================
2020-10-01 12:02:24,817:INFO:Initializing plot_model()
2020-10-01 12:02:24,817:INFO:plot_model(model=None, plot=frequency, topic_num=None, save=True, system=False)
2020-10-01 12:02:24,817:INFO:Checking exceptions
2020-10-01 12:02:24,817:INFO:Importing libraries
2020-10-01 12:02:24,826:INFO:save_param set to True
2020-10-01 12:02:24,826:INFO:plot type: frequency
2020-10-01 12:02:24,826:INFO:Rendering Visual
2020-10-01 12:02:24,826:WARNING:topic_num set to None. Plot generated at corpus level.
2020-10-01 12:02:24,826:INFO:Fitting CountVectorizer()
2020-10-01 12:02:26,662:INFO:Visual Rendered Successfully
2020-10-01 12:02:26,682:INFO:Saving 'Word Frequency.html' in current active directory
2020-10-01 12:02:26,682:INFO:plot_model() succesfully completed......................................
2020-10-01 12:02:26,695:INFO:Initializing plot_model()
2020-10-01 12:02:26,695:INFO:plot_model(model=None, plot=bigram, topic_num=None, save=True, system=False)
2020-10-01 12:02:26,695:INFO:Checking exceptions
2020-10-01 12:02:26,695:INFO:Importing libraries
2020-10-01 12:02:26,707:INFO:save_param set to True
2020-10-01 12:02:26,707:INFO:plot type: bigram
2020-10-01 12:02:26,707:WARNING:topic_num set to None. Plot generated at corpus level.
2020-10-01 12:02:26,707:INFO:Fitting CountVectorizer()
2020-10-01 12:02:35,367:INFO:Rendering Visual
2020-10-01 12:02:35,388:INFO:Visual Rendered Successfully
2020-10-01 12:02:35,404:INFO:Saving 'Bigram.html' in current active directory
2020-10-01 12:02:35,404:INFO:plot_model() succesfully completed......................................
2020-10-01 12:02:35,420:INFO:Initializing plot_model()
2020-10-01 12:02:35,420:INFO:plot_model(model=None, plot=trigram, topic_num=None, save=True, system=False)
2020-10-01 12:02:35,420:INFO:Checking exceptions
2020-10-01 12:02:35,420:INFO:Importing libraries
2020-10-01 12:02:35,435:INFO:save_param set to True
2020-10-01 12:02:35,435:INFO:plot type: trigram
2020-10-01 12:02:35,435:WARNING:topic_num set to None. Plot generated at corpus level.
2020-10-01 12:02:43,576:INFO:Fitting CountVectorizer()
2020-10-01 12:02:48,667:INFO:Rendering Visual
2020-10-01 12:02:48,683:INFO:Visual Rendered Successfully
2020-10-01 12:02:48,707:INFO:Saving 'Trigram.html' in current active directory
2020-10-01 12:02:48,707:INFO:plot_model() succesfully completed......................................
2020-10-01 12:02:48,726:INFO:Initializing plot_model()
2020-10-01 12:02:48,726:INFO:plot_model(model=None, plot=pos, topic_num=None, save=True, system=False)
2020-10-01 12:02:48,726:INFO:Checking exceptions
2020-10-01 12:02:48,726:INFO:Importing libraries
2020-10-01 12:02:48,732:INFO:save_param set to True
2020-10-01 12:02:48,732:INFO:plot type: pos
2020-10-01 12:02:48,734:INFO:Fitting TextBlob()
2020-10-01 12:02:56,425:INFO:Rendering Visual
2020-10-01 12:02:56,444:INFO:Visual Rendered Sucessfully
2020-10-01 12:02:56,463:INFO:Saving 'POS.html' in current active directory
2020-10-01 12:02:56,463:INFO:plot_model() succesfully completed......................................
2020-10-01 12:02:56,500:INFO:SubProcess plot_model() end ==================================
2020-10-01 12:02:56,506:INFO:setup() succesfully completed......................................
2020-10-01 12:03:13,359:INFO:Initializing create_model()
2020-10-01 12:03:13,359:INFO:create_model(model=lda, multi_core=False, num_topics=None, verbose=True, system=True)
2020-10-01 12:03:13,360:INFO:Checking exceptions
2020-10-01 12:03:13,360:INFO:Preloading libraries
2020-10-01 12:03:13,361:INFO:Preparing display monitor
2020-10-01 12:03:13,398:INFO:Defining topic model
2020-10-01 12:03:13,398:INFO:Model: Latent Dirichlet Allocation
2020-10-01 12:03:13,398:INFO:Defining num_topics parameter
2020-10-01 12:03:13,399:INFO:num_topics set to: 4
2020-10-01 12:03:13,411:INFO:LdaModel imported successfully
2020-10-01 12:05:08,841:INFO:LdaModel trained successfully
2020-10-01 12:05:08,842:INFO:Creating MLFLow Logs
2020-10-01 12:05:09,154:INFO:LdaModel(num_terms=31720, num_topics=4, decay=0.5, chunksize=100)
2020-10-01 12:05:09,155:INFO:create_model() succesfully completed......................................
2020-10-01 12:05:09,158:INFO:Initializing assign_model()
2020-10-01 12:05:09,158:INFO:assign_model(model=LdaModel(num_terms=31720, num_topics=4, decay=0.5, chunksize=100), verbose=True)
2020-10-01 12:05:09,159:INFO:Determining model type
2020-10-01 12:05:09,159:INFO:model type: lda
2020-10-01 12:05:09,159:INFO:Checking exceptions
2020-10-01 12:05:09,160:INFO:Preloading libraries
2020-10-01 12:05:09,160:INFO:Preparing display monitor
2020-10-01 12:05:42,397:INFO:(20491, 8)
2020-10-01 12:05:42,397:INFO:assign_model() succesfully completed......................................
2020-10-01 12:06:43,221:INFO:Initializing plot_model()
2020-10-01 12:06:43,222:INFO:plot_model(model=LdaModel(num_terms=31720, num_topics=4, decay=0.5, chunksize=100), plot=topic model, topic_num=None, save=False, system=True)
2020-10-01 12:06:43,222:INFO:Topic selected. topic_num : Topic 0
2020-10-01 12:06:43,222:INFO:Checking exceptions
2020-10-01 12:06:58,092:INFO:Initializing plot_model()
2020-10-01 12:06:58,092:INFO:plot_model(model=LdaModel(num_terms=31720, num_topics=4, decay=0.5, chunksize=100), plot=frequency, topic_num=Topic 0, save=False, system=True)
2020-10-01 12:06:58,092:INFO:Checking exceptions
2020-10-01 12:06:58,092:INFO:Importing libraries
2020-10-01 12:06:58,103:INFO:save_param set to False
2020-10-01 12:06:58,104:INFO:plot type: frequency
2020-10-01 12:06:58,104:INFO:Rendering Visual
2020-10-01 12:06:58,104:INFO:SubProcess assign_model() called ==================================
2020-10-01 12:06:58,104:INFO:Initializing assign_model()
2020-10-01 12:06:58,105:INFO:assign_model(model=LdaModel(num_terms=31720, num_topics=4, decay=0.5, chunksize=100), verbose=False)
2020-10-01 12:06:58,105:INFO:Determining model type
2020-10-01 12:06:58,105:INFO:model type: lda
2020-10-01 12:06:58,105:INFO:Checking exceptions
2020-10-01 12:06:58,105:INFO:Preloading libraries
2020-10-01 12:06:58,105:INFO:Preparing display monitor
2020-10-01 12:07:24,792:INFO:(20491, 8)
2020-10-01 12:07:24,793:INFO:assign_model() succesfully completed......................................
2020-10-01 12:07:24,810:INFO:SubProcess assign_model() end ==================================
2020-10-01 12:07:24,825:INFO:Fitting CountVectorizer()
2020-10-01 12:07:25,250:INFO:Visual Rendered Successfully
2020-10-01 12:07:25,250:INFO:plot_model() succesfully completed......................................
2020-10-01 12:07:51,203:INFO:Initializing plot_model()
2020-10-01 12:07:51,203:INFO:plot_model(model=LdaModel(num_terms=31720, num_topics=4, decay=0.5, chunksize=100), plot=topic model, topic_num=None, save=False, system=True)
2020-10-01 12:07:51,203:INFO:Topic selected. topic_num : Topic 0
2020-10-01 12:07:51,203:INFO:Checking exceptions
2020-10-01 12:08:09,159:INFO:PyCaret NLP Module
2020-10-01 12:08:09,159:INFO:version 2.1.2
2020-10-01 12:08:09,160:INFO:Initializing setup()
2020-10-01 12:08:09,160:INFO:USI: 0687
2020-10-01 12:08:09,160:INFO:setup(data=(20491, 2), target=Review, custom_stopwords=None, html=True, session_id=451, log_experiment=True,
                    experiment_name=General Topic Modeling, log_plots=True, log_data=False, verbose=True)
2020-10-01 12:08:09,161:INFO:Checking environment
2020-10-01 12:08:09,161:INFO:python_version: 3.7.6
2020-10-01 12:08:09,162:INFO:python_build: ('default', 'Jan  8 2020 13:42:34')
2020-10-01 12:08:09,162:INFO:machine: x86_64
2020-10-01 12:08:09,183:INFO:platform: Darwin-19.5.0-x86_64-i386-64bit
2020-10-01 12:08:09,184:INFO:Memory: svmem(total=8589934592, available=3272679424, percent=61.9, used=4587057152, free=32141312, active=3162435584, inactive=2888372224, wired=1424621568)
2020-10-01 12:08:09,184:INFO:Physical Core: 2
2020-10-01 12:08:09,184:INFO:Logical Core: 4
2020-10-01 12:08:09,184:INFO:Checking libraries
2020-10-01 12:08:09,185:INFO:pd==1.0.1
2020-10-01 12:08:09,185:INFO:numpy==1.18.1
2020-10-01 12:08:10,984:INFO:gensim==3.8.3
2020-10-01 12:08:11,800:INFO:spacy==2.3.2
2020-10-01 12:08:13,695:INFO:nltk==3.4.5
2020-10-01 12:08:13,764:INFO:textblob==0.15.3
2020-10-01 12:08:13,981:INFO:pyLDAvis==2.1.2
2020-10-01 12:08:14,100:INFO:wordcloud==1.8.0
2020-10-01 12:08:15,015:INFO:mlflow==1.11.0
2020-10-01 12:08:15,015:INFO:Checking Exceptions
2020-10-01 12:08:15,906:INFO:Preloading libraries
2020-10-01 12:08:15,994:INFO:Preparing display monitor
2020-10-01 12:08:16,019:INFO:Importing libraries
2020-10-01 12:08:16,019:INFO:Declaring global variables
2020-10-01 12:08:16,021:INFO:Input provided : dataframe
2020-10-01 12:08:16,021:INFO:session_id set to : 451
2020-10-01 12:08:16,021:INFO:Copying training dataset
2020-10-01 12:08:16,025:INFO:Importing stopwords from nltk
2020-10-01 12:08:17,310:INFO:No custom stopwords defined
2020-10-01 12:08:17,311:INFO:Removing numeric characters from the text
2020-10-01 12:08:17,854:INFO:Removing special characters from the text
2020-10-01 12:08:21,546:INFO:Tokenizing Words
2020-10-01 12:08:30,029:INFO:Removing stopwords
2020-10-01 12:08:35,749:INFO:Extracting Bigrams
2020-10-01 12:09:01,217:INFO:Extracting Trigrams
2020-10-01 12:09:42,671:INFO:Lemmatizing tokens
